{"/home/gabriel/Área de Trabalho/TrabalhoPI/controllers/calculadora.js":{"path":"/home/gabriel/Área de Trabalho/TrabalhoPI/controllers/calculadora.js","s":{"1":1,"2":1,"3":2,"4":2,"5":2,"6":2,"7":2,"8":24,"9":24,"10":24,"11":24,"12":5,"13":2,"14":5,"15":5,"16":1,"17":1,"18":1,"19":1,"20":1,"21":1,"22":1,"23":1,"24":1,"25":1,"26":1,"27":1,"28":1,"29":1,"30":1,"31":1,"32":1,"33":1,"34":1,"35":1,"36":1,"37":1,"38":1,"39":1,"40":1,"41":1,"42":1,"43":1,"44":1,"45":1,"46":1,"47":1,"48":1,"49":1,"50":1,"51":1,"52":1,"53":1,"54":1,"55":1,"56":1,"57":1,"58":1,"59":1,"60":1,"61":1,"62":1,"63":1,"64":1,"65":1,"66":1,"67":1,"68":1,"69":1,"70":1,"71":1,"72":1,"73":1,"74":1,"75":1,"76":1,"77":1,"78":1,"79":1,"80":1,"81":1,"82":1,"83":1,"84":1,"85":1,"86":1,"87":1,"88":1,"89":1,"90":1,"91":1,"92":1,"93":1,"94":1,"95":1,"96":1,"97":1,"98":1,"99":1,"100":1,"101":1,"102":1,"103":1,"104":1,"105":1,"106":1,"107":1,"108":1,"109":1,"110":1,"111":1,"112":1,"113":1,"114":1,"115":1,"116":1,"117":1,"118":1,"119":1,"120":1,"121":1,"122":1,"123":1,"124":1,"125":1,"126":1,"127":1,"128":1,"129":1,"130":1,"131":1,"132":1,"133":1,"134":1,"135":1,"136":1,"137":1,"138":1,"139":1,"140":1,"141":1,"142":1,"143":1,"144":1,"145":1,"146":1,"147":1,"148":1,"149":1,"150":1,"151":1,"152":1,"153":1,"154":1,"155":1,"156":1,"157":1,"158":1,"159":1,"160":1,"161":1,"162":1,"163":1,"164":1,"165":1,"166":1,"167":1,"168":1,"169":1,"170":1,"171":1,"172":1,"173":1,"174":1,"175":1,"176":1,"177":1,"178":1,"179":1,"180":1,"181":1,"182":1,"183":1,"184":1,"185":0,"186":0,"187":0,"188":0,"189":0,"190":0,"191":0,"192":0,"193":0,"194":0,"195":0,"196":0,"197":0,"198":0,"199":0,"200":0,"201":0,"202":0,"203":0,"204":0,"205":0,"206":0,"207":0,"208":0,"209":0,"210":0,"211":0,"212":0,"213":0,"214":0,"215":0,"216":0,"217":0,"218":0,"219":0,"220":0,"221":0,"222":1},"b":{"1":[0,0],"2":[0,0]},"f":{"1":1,"2":2,"3":24,"4":5,"5":2,"6":5,"7":5,"8":1,"9":1,"10":1,"11":1,"12":1,"13":1,"14":1,"15":1,"16":1,"17":1,"18":1,"19":1,"20":1,"21":1,"22":1,"23":1,"24":1,"25":1,"26":1,"27":1,"28":1,"29":1,"30":1,"31":1,"32":1,"33":1,"34":1,"35":1,"36":1,"37":0,"38":0,"39":0,"40":0,"41":0,"42":0,"43":0,"44":0,"45":0,"46":0,"47":0,"48":0,"49":0,"50":0,"51":0,"52":0,"53":0,"54":0,"55":0,"56":0,"57":0,"58":0,"59":0,"60":0,"61":0,"62":0,"63":0,"64":0,"65":0},"fnMap":{"1":{"name":"(anonymous_1)","line":1,"loc":{"start":{"line":1,"column":17},"end":{"line":1,"column":28}}},"2":{"name":"(anonymous_2)","line":4,"loc":{"start":{"line":4,"column":21},"end":{"line":4,"column":41}}},"3":{"name":"(anonymous_3)","line":17,"loc":{"start":{"line":17,"column":14},"end":{"line":17,"column":35}}},"4":{"name":"(anonymous_4)","line":26,"loc":{"start":{"line":26,"column":11},"end":{"line":26,"column":38}}},"5":{"name":"(anonymous_5)","line":30,"loc":{"start":{"line":30,"column":14},"end":{"line":30,"column":41}}},"6":{"name":"(anonymous_6)","line":34,"loc":{"start":{"line":34,"column":17},"end":{"line":34,"column":44}}},"7":{"name":"(anonymous_7)","line":38,"loc":{"start":{"line":38,"column":13},"end":{"line":38,"column":40}}},"8":{"name":"(anonymous_8)","line":42,"loc":{"start":{"line":42,"column":20},"end":{"line":42,"column":46}}},"9":{"name":"(anonymous_9)","line":46,"loc":{"start":{"line":46,"column":19},"end":{"line":46,"column":45}}},"10":{"name":"(anonymous_10)","line":50,"loc":{"start":{"line":50,"column":15},"end":{"line":50,"column":41}}},"11":{"name":"(anonymous_11)","line":54,"loc":{"start":{"line":54,"column":22},"end":{"line":54,"column":39}}},"12":{"name":"(anonymous_12)","line":58,"loc":{"start":{"line":58,"column":23},"end":{"line":58,"column":40}}},"13":{"name":"(anonymous_13)","line":62,"loc":{"start":{"line":62,"column":23},"end":{"line":62,"column":40}}},"14":{"name":"(anonymous_14)","line":66,"loc":{"start":{"line":66,"column":26},"end":{"line":66,"column":43}}},"15":{"name":"(anonymous_15)","line":70,"loc":{"start":{"line":70,"column":26},"end":{"line":70,"column":43}}},"16":{"name":"(anonymous_16)","line":74,"loc":{"start":{"line":74,"column":26},"end":{"line":74,"column":43}}},"17":{"name":"(anonymous_17)","line":78,"loc":{"start":{"line":78,"column":26},"end":{"line":78,"column":43}}},"18":{"name":"(anonymous_18)","line":82,"loc":{"start":{"line":82,"column":26},"end":{"line":82,"column":43}}},"19":{"name":"(anonymous_19)","line":86,"loc":{"start":{"line":86,"column":23},"end":{"line":86,"column":50}}},"20":{"name":"(anonymous_20)","line":90,"loc":{"start":{"line":90,"column":30},"end":{"line":90,"column":57}}},"21":{"name":"(anonymous_21)","line":94,"loc":{"start":{"line":94,"column":26},"end":{"line":94,"column":53}}},"22":{"name":"(anonymous_22)","line":98,"loc":{"start":{"line":98,"column":22},"end":{"line":98,"column":49}}},"23":{"name":"(anonymous_23)","line":102,"loc":{"start":{"line":102,"column":20},"end":{"line":102,"column":47}}},"24":{"name":"(anonymous_24)","line":106,"loc":{"start":{"line":106,"column":18},"end":{"line":106,"column":45}}},"25":{"name":"(anonymous_25)","line":110,"loc":{"start":{"line":110,"column":19},"end":{"line":110,"column":46}}},"26":{"name":"(anonymous_26)","line":114,"loc":{"start":{"line":114,"column":20},"end":{"line":114,"column":47}}},"27":{"name":"(anonymous_27)","line":118,"loc":{"start":{"line":118,"column":19},"end":{"line":118,"column":46}}},"28":{"name":"(anonymous_28)","line":122,"loc":{"start":{"line":122,"column":20},"end":{"line":122,"column":47}}},"29":{"name":"(anonymous_29)","line":126,"loc":{"start":{"line":126,"column":13},"end":{"line":126,"column":30}}},"30":{"name":"(anonymous_30)","line":141,"loc":{"start":{"line":141,"column":28},"end":{"line":141,"column":45}}},"31":{"name":"(anonymous_31)","line":156,"loc":{"start":{"line":156,"column":25},"end":{"line":156,"column":42}}},"32":{"name":"(anonymous_32)","line":176,"loc":{"start":{"line":176,"column":28},"end":{"line":176,"column":45}}},"33":{"name":"(anonymous_33)","line":196,"loc":{"start":{"line":196,"column":25},"end":{"line":196,"column":42}}},"34":{"name":"(anonymous_34)","line":221,"loc":{"start":{"line":221,"column":28},"end":{"line":221,"column":45}}},"35":{"name":"(anonymous_35)","line":246,"loc":{"start":{"line":246,"column":25},"end":{"line":246,"column":42}}},"36":{"name":"(anonymous_36)","line":276,"loc":{"start":{"line":276,"column":28},"end":{"line":276,"column":45}}},"37":{"name":"(anonymous_37)","line":307,"loc":{"start":{"line":307,"column":20},"end":{"line":307,"column":40}}},"38":{"name":"(anonymous_38)","line":315,"loc":{"start":{"line":315,"column":22},"end":{"line":315,"column":37}}},"39":{"name":"(anonymous_39)","line":330,"loc":{"start":{"line":330,"column":10},"end":{"line":330,"column":38}}},"40":{"name":"(anonymous_40)","line":334,"loc":{"start":{"line":334,"column":10},"end":{"line":334,"column":38}}},"41":{"name":"(anonymous_41)","line":338,"loc":{"start":{"line":338,"column":13},"end":{"line":338,"column":41}}},"42":{"name":"(anonymous_42)","line":342,"loc":{"start":{"line":342,"column":16},"end":{"line":342,"column":44}}},"43":{"name":"(anonymous_43)","line":346,"loc":{"start":{"line":346,"column":12},"end":{"line":346,"column":40}}},"44":{"name":"(anonymous_44)","line":350,"loc":{"start":{"line":350,"column":18},"end":{"line":350,"column":45}}},"45":{"name":"(anonymous_45)","line":354,"loc":{"start":{"line":354,"column":18},"end":{"line":354,"column":45}}},"46":{"name":"(anonymous_46)","line":358,"loc":{"start":{"line":358,"column":14},"end":{"line":358,"column":41}}},"47":{"name":"(anonymous_47)","line":362,"loc":{"start":{"line":362,"column":21},"end":{"line":362,"column":48}}},"48":{"name":"(anonymous_48)","line":366,"loc":{"start":{"line":366,"column":22},"end":{"line":366,"column":49}}},"49":{"name":"(anonymous_49)","line":370,"loc":{"start":{"line":370,"column":22},"end":{"line":370,"column":49}}},"50":{"name":"(anonymous_50)","line":374,"loc":{"start":{"line":374,"column":25},"end":{"line":374,"column":52}}},"51":{"name":"(anonymous_51)","line":378,"loc":{"start":{"line":378,"column":25},"end":{"line":378,"column":52}}},"52":{"name":"(anonymous_52)","line":382,"loc":{"start":{"line":382,"column":25},"end":{"line":382,"column":52}}},"53":{"name":"(anonymous_53)","line":386,"loc":{"start":{"line":386,"column":25},"end":{"line":386,"column":52}}},"54":{"name":"(anonymous_54)","line":390,"loc":{"start":{"line":390,"column":25},"end":{"line":390,"column":52}}},"55":{"name":"(anonymous_55)","line":394,"loc":{"start":{"line":394,"column":22},"end":{"line":394,"column":49}}},"56":{"name":"(anonymous_56)","line":398,"loc":{"start":{"line":398,"column":29},"end":{"line":398,"column":56}}},"57":{"name":"(anonymous_57)","line":402,"loc":{"start":{"line":402,"column":25},"end":{"line":402,"column":52}}},"58":{"name":"(anonymous_58)","line":406,"loc":{"start":{"line":406,"column":21},"end":{"line":406,"column":48}}},"59":{"name":"(anonymous_59)","line":410,"loc":{"start":{"line":410,"column":19},"end":{"line":410,"column":46}}},"60":{"name":"(anonymous_60)","line":414,"loc":{"start":{"line":414,"column":17},"end":{"line":414,"column":44}}},"61":{"name":"(anonymous_61)","line":418,"loc":{"start":{"line":418,"column":18},"end":{"line":418,"column":45}}},"62":{"name":"(anonymous_62)","line":422,"loc":{"start":{"line":422,"column":19},"end":{"line":422,"column":46}}},"63":{"name":"(anonymous_63)","line":426,"loc":{"start":{"line":426,"column":18},"end":{"line":426,"column":45}}},"64":{"name":"(anonymous_64)","line":430,"loc":{"start":{"line":430,"column":19},"end":{"line":430,"column":46}}},"65":{"name":"(anonymous_65)","line":436,"loc":{"start":{"line":436,"column":13},"end":{"line":436,"column":41}}}},"statementMap":{"1":{"start":{"line":1,"column":0},"end":{"line":447,"column":2}},"2":{"start":{"line":2,"column":1},"end":{"line":444,"column":3}},"3":{"start":{"line":5,"column":4},"end":{"line":5,"column":43}},"4":{"start":{"line":6,"column":4},"end":{"line":8,"column":6}},"5":{"start":{"line":10,"column":4},"end":{"line":10,"column":64}},"6":{"start":{"line":11,"column":4},"end":{"line":11,"column":35}},"7":{"start":{"line":13,"column":4},"end":{"line":13,"column":20}},"8":{"start":{"line":18,"column":5},"end":{"line":18,"column":50}},"9":{"start":{"line":19,"column":5},"end":{"line":19,"column":50}},"10":{"start":{"line":21,"column":5},"end":{"line":21,"column":86}},"11":{"start":{"line":23,"column":5},"end":{"line":23,"column":22}},"12":{"start":{"line":27,"column":5},"end":{"line":27,"column":30}},"13":{"start":{"line":31,"column":5},"end":{"line":31,"column":28}},"14":{"start":{"line":35,"column":5},"end":{"line":35,"column":30}},"15":{"start":{"line":39,"column":5},"end":{"line":39,"column":30}},"16":{"start":{"line":43,"column":5},"end":{"line":43,"column":36}},"17":{"start":{"line":47,"column":5},"end":{"line":47,"column":36}},"18":{"start":{"line":51,"column":5},"end":{"line":51,"column":36}},"19":{"start":{"line":55,"column":5},"end":{"line":55,"column":25}},"20":{"start":{"line":59,"column":5},"end":{"line":59,"column":25}},"21":{"start":{"line":63,"column":5},"end":{"line":63,"column":26}},"22":{"start":{"line":67,"column":5},"end":{"line":67,"column":25}},"23":{"start":{"line":71,"column":5},"end":{"line":71,"column":25}},"24":{"start":{"line":75,"column":5},"end":{"line":75,"column":25}},"25":{"start":{"line":79,"column":5},"end":{"line":79,"column":25}},"26":{"start":{"line":83,"column":5},"end":{"line":83,"column":25}},"27":{"start":{"line":87,"column":5},"end":{"line":87,"column":39}},"28":{"start":{"line":91,"column":5},"end":{"line":91,"column":37}},"29":{"start":{"line":95,"column":5},"end":{"line":95,"column":37}},"30":{"start":{"line":99,"column":5},"end":{"line":99,"column":40}},"31":{"start":{"line":103,"column":5},"end":{"line":103,"column":37}},"32":{"start":{"line":107,"column":5},"end":{"line":107,"column":40}},"33":{"start":{"line":111,"column":5},"end":{"line":111,"column":39}},"34":{"start":{"line":115,"column":5},"end":{"line":115,"column":38}},"35":{"start":{"line":119,"column":5},"end":{"line":119,"column":38}},"36":{"start":{"line":123,"column":5},"end":{"line":123,"column":39}},"37":{"start":{"line":127,"column":20},"end":{"line":127,"column":47}},"38":{"start":{"line":128,"column":20},"end":{"line":128,"column":31}},"39":{"start":{"line":129,"column":20},"end":{"line":129,"column":31}},"40":{"start":{"line":130,"column":20},"end":{"line":130,"column":31}},"41":{"start":{"line":131,"column":20},"end":{"line":131,"column":31}},"42":{"start":{"line":132,"column":20},"end":{"line":132,"column":31}},"43":{"start":{"line":133,"column":20},"end":{"line":133,"column":31}},"44":{"start":{"line":134,"column":20},"end":{"line":134,"column":31}},"45":{"start":{"line":135,"column":20},"end":{"line":135,"column":31}},"46":{"start":{"line":136,"column":20},"end":{"line":136,"column":31}},"47":{"start":{"line":138,"column":20},"end":{"line":138,"column":33}},"48":{"start":{"line":142,"column":20},"end":{"line":142,"column":47}},"49":{"start":{"line":143,"column":20},"end":{"line":143,"column":31}},"50":{"start":{"line":144,"column":20},"end":{"line":144,"column":31}},"51":{"start":{"line":145,"column":20},"end":{"line":145,"column":31}},"52":{"start":{"line":146,"column":20},"end":{"line":146,"column":31}},"53":{"start":{"line":147,"column":20},"end":{"line":147,"column":31}},"54":{"start":{"line":148,"column":20},"end":{"line":148,"column":31}},"55":{"start":{"line":149,"column":20},"end":{"line":149,"column":31}},"56":{"start":{"line":150,"column":20},"end":{"line":150,"column":31}},"57":{"start":{"line":151,"column":20},"end":{"line":151,"column":31}},"58":{"start":{"line":153,"column":20},"end":{"line":153,"column":33}},"59":{"start":{"line":157,"column":20},"end":{"line":157,"column":47}},"60":{"start":{"line":158,"column":20},"end":{"line":158,"column":31}},"61":{"start":{"line":159,"column":20},"end":{"line":159,"column":31}},"62":{"start":{"line":160,"column":20},"end":{"line":160,"column":31}},"63":{"start":{"line":161,"column":20},"end":{"line":161,"column":31}},"64":{"start":{"line":162,"column":20},"end":{"line":162,"column":31}},"65":{"start":{"line":163,"column":20},"end":{"line":163,"column":31}},"66":{"start":{"line":164,"column":20},"end":{"line":164,"column":31}},"67":{"start":{"line":165,"column":20},"end":{"line":165,"column":31}},"68":{"start":{"line":166,"column":20},"end":{"line":166,"column":31}},"69":{"start":{"line":167,"column":20},"end":{"line":167,"column":31}},"70":{"start":{"line":168,"column":20},"end":{"line":168,"column":31}},"71":{"start":{"line":169,"column":20},"end":{"line":169,"column":31}},"72":{"start":{"line":170,"column":20},"end":{"line":170,"column":31}},"73":{"start":{"line":171,"column":20},"end":{"line":171,"column":31}},"74":{"start":{"line":173,"column":20},"end":{"line":173,"column":33}},"75":{"start":{"line":177,"column":20},"end":{"line":177,"column":47}},"76":{"start":{"line":178,"column":20},"end":{"line":178,"column":31}},"77":{"start":{"line":179,"column":20},"end":{"line":179,"column":31}},"78":{"start":{"line":180,"column":20},"end":{"line":180,"column":31}},"79":{"start":{"line":181,"column":20},"end":{"line":181,"column":31}},"80":{"start":{"line":182,"column":20},"end":{"line":182,"column":31}},"81":{"start":{"line":183,"column":20},"end":{"line":183,"column":31}},"82":{"start":{"line":184,"column":20},"end":{"line":184,"column":31}},"83":{"start":{"line":185,"column":20},"end":{"line":185,"column":31}},"84":{"start":{"line":186,"column":20},"end":{"line":186,"column":31}},"85":{"start":{"line":187,"column":20},"end":{"line":187,"column":31}},"86":{"start":{"line":188,"column":20},"end":{"line":188,"column":31}},"87":{"start":{"line":189,"column":20},"end":{"line":189,"column":31}},"88":{"start":{"line":190,"column":20},"end":{"line":190,"column":31}},"89":{"start":{"line":191,"column":20},"end":{"line":191,"column":31}},"90":{"start":{"line":193,"column":20},"end":{"line":193,"column":33}},"91":{"start":{"line":197,"column":20},"end":{"line":197,"column":47}},"92":{"start":{"line":198,"column":20},"end":{"line":198,"column":31}},"93":{"start":{"line":199,"column":20},"end":{"line":199,"column":31}},"94":{"start":{"line":200,"column":20},"end":{"line":200,"column":31}},"95":{"start":{"line":201,"column":20},"end":{"line":201,"column":31}},"96":{"start":{"line":202,"column":20},"end":{"line":202,"column":31}},"97":{"start":{"line":203,"column":20},"end":{"line":203,"column":31}},"98":{"start":{"line":204,"column":20},"end":{"line":204,"column":31}},"99":{"start":{"line":205,"column":20},"end":{"line":205,"column":31}},"100":{"start":{"line":206,"column":20},"end":{"line":206,"column":31}},"101":{"start":{"line":207,"column":20},"end":{"line":207,"column":31}},"102":{"start":{"line":208,"column":20},"end":{"line":208,"column":31}},"103":{"start":{"line":209,"column":20},"end":{"line":209,"column":31}},"104":{"start":{"line":210,"column":20},"end":{"line":210,"column":31}},"105":{"start":{"line":211,"column":20},"end":{"line":211,"column":31}},"106":{"start":{"line":212,"column":20},"end":{"line":212,"column":31}},"107":{"start":{"line":213,"column":20},"end":{"line":213,"column":31}},"108":{"start":{"line":214,"column":20},"end":{"line":214,"column":31}},"109":{"start":{"line":215,"column":20},"end":{"line":215,"column":31}},"110":{"start":{"line":216,"column":20},"end":{"line":216,"column":31}},"111":{"start":{"line":218,"column":20},"end":{"line":218,"column":33}},"112":{"start":{"line":222,"column":20},"end":{"line":222,"column":47}},"113":{"start":{"line":223,"column":20},"end":{"line":223,"column":31}},"114":{"start":{"line":224,"column":20},"end":{"line":224,"column":31}},"115":{"start":{"line":225,"column":20},"end":{"line":225,"column":31}},"116":{"start":{"line":226,"column":20},"end":{"line":226,"column":31}},"117":{"start":{"line":227,"column":20},"end":{"line":227,"column":31}},"118":{"start":{"line":228,"column":20},"end":{"line":228,"column":31}},"119":{"start":{"line":229,"column":20},"end":{"line":229,"column":31}},"120":{"start":{"line":230,"column":20},"end":{"line":230,"column":31}},"121":{"start":{"line":231,"column":20},"end":{"line":231,"column":31}},"122":{"start":{"line":232,"column":20},"end":{"line":232,"column":31}},"123":{"start":{"line":233,"column":20},"end":{"line":233,"column":31}},"124":{"start":{"line":234,"column":20},"end":{"line":234,"column":31}},"125":{"start":{"line":235,"column":20},"end":{"line":235,"column":31}},"126":{"start":{"line":236,"column":20},"end":{"line":236,"column":31}},"127":{"start":{"line":237,"column":20},"end":{"line":237,"column":31}},"128":{"start":{"line":238,"column":20},"end":{"line":238,"column":31}},"129":{"start":{"line":239,"column":20},"end":{"line":239,"column":31}},"130":{"start":{"line":240,"column":20},"end":{"line":240,"column":31}},"131":{"start":{"line":241,"column":20},"end":{"line":241,"column":31}},"132":{"start":{"line":243,"column":20},"end":{"line":243,"column":33}},"133":{"start":{"line":247,"column":20},"end":{"line":247,"column":47}},"134":{"start":{"line":248,"column":20},"end":{"line":248,"column":31}},"135":{"start":{"line":249,"column":20},"end":{"line":249,"column":31}},"136":{"start":{"line":250,"column":20},"end":{"line":250,"column":31}},"137":{"start":{"line":251,"column":20},"end":{"line":251,"column":31}},"138":{"start":{"line":252,"column":20},"end":{"line":252,"column":31}},"139":{"start":{"line":253,"column":20},"end":{"line":253,"column":31}},"140":{"start":{"line":254,"column":20},"end":{"line":254,"column":31}},"141":{"start":{"line":255,"column":20},"end":{"line":255,"column":31}},"142":{"start":{"line":256,"column":20},"end":{"line":256,"column":31}},"143":{"start":{"line":257,"column":20},"end":{"line":257,"column":31}},"144":{"start":{"line":258,"column":20},"end":{"line":258,"column":31}},"145":{"start":{"line":259,"column":20},"end":{"line":259,"column":31}},"146":{"start":{"line":260,"column":20},"end":{"line":260,"column":31}},"147":{"start":{"line":261,"column":20},"end":{"line":261,"column":31}},"148":{"start":{"line":262,"column":20},"end":{"line":262,"column":31}},"149":{"start":{"line":263,"column":20},"end":{"line":263,"column":31}},"150":{"start":{"line":264,"column":20},"end":{"line":264,"column":31}},"151":{"start":{"line":265,"column":20},"end":{"line":265,"column":31}},"152":{"start":{"line":266,"column":20},"end":{"line":266,"column":31}},"153":{"start":{"line":267,"column":20},"end":{"line":267,"column":31}},"154":{"start":{"line":268,"column":20},"end":{"line":268,"column":31}},"155":{"start":{"line":269,"column":20},"end":{"line":269,"column":31}},"156":{"start":{"line":270,"column":20},"end":{"line":270,"column":31}},"157":{"start":{"line":271,"column":20},"end":{"line":271,"column":31}},"158":{"start":{"line":273,"column":20},"end":{"line":273,"column":33}},"159":{"start":{"line":277,"column":20},"end":{"line":277,"column":47}},"160":{"start":{"line":278,"column":20},"end":{"line":278,"column":31}},"161":{"start":{"line":279,"column":20},"end":{"line":279,"column":31}},"162":{"start":{"line":280,"column":20},"end":{"line":280,"column":31}},"163":{"start":{"line":281,"column":20},"end":{"line":281,"column":31}},"164":{"start":{"line":282,"column":20},"end":{"line":282,"column":31}},"165":{"start":{"line":283,"column":20},"end":{"line":283,"column":31}},"166":{"start":{"line":284,"column":20},"end":{"line":284,"column":31}},"167":{"start":{"line":285,"column":20},"end":{"line":285,"column":31}},"168":{"start":{"line":286,"column":20},"end":{"line":286,"column":31}},"169":{"start":{"line":287,"column":20},"end":{"line":287,"column":31}},"170":{"start":{"line":288,"column":20},"end":{"line":288,"column":31}},"171":{"start":{"line":289,"column":20},"end":{"line":289,"column":31}},"172":{"start":{"line":290,"column":20},"end":{"line":290,"column":31}},"173":{"start":{"line":291,"column":20},"end":{"line":291,"column":31}},"174":{"start":{"line":292,"column":20},"end":{"line":292,"column":31}},"175":{"start":{"line":293,"column":20},"end":{"line":293,"column":31}},"176":{"start":{"line":294,"column":20},"end":{"line":294,"column":31}},"177":{"start":{"line":295,"column":20},"end":{"line":295,"column":31}},"178":{"start":{"line":296,"column":20},"end":{"line":296,"column":31}},"179":{"start":{"line":297,"column":20},"end":{"line":297,"column":31}},"180":{"start":{"line":298,"column":20},"end":{"line":298,"column":31}},"181":{"start":{"line":299,"column":20},"end":{"line":299,"column":31}},"182":{"start":{"line":300,"column":20},"end":{"line":300,"column":31}},"183":{"start":{"line":301,"column":20},"end":{"line":301,"column":31}},"184":{"start":{"line":303,"column":20},"end":{"line":303,"column":33}},"185":{"start":{"line":308,"column":4},"end":{"line":310,"column":5}},"186":{"start":{"line":309,"column":5},"end":{"line":309,"column":34}},"187":{"start":{"line":312,"column":4},"end":{"line":312,"column":15}},"188":{"start":{"line":316,"column":4},"end":{"line":320,"column":6}},"189":{"start":{"line":322,"column":4},"end":{"line":322,"column":72}},"190":{"start":{"line":323,"column":4},"end":{"line":323,"column":72}},"191":{"start":{"line":325,"column":4},"end":{"line":325,"column":22}},"192":{"start":{"line":331,"column":4},"end":{"line":331,"column":29}},"193":{"start":{"line":335,"column":4},"end":{"line":335,"column":29}},"194":{"start":{"line":339,"column":4},"end":{"line":339,"column":32}},"195":{"start":{"line":343,"column":4},"end":{"line":343,"column":35}},"196":{"start":{"line":347,"column":4},"end":{"line":347,"column":31}},"197":{"start":{"line":351,"column":4},"end":{"line":351,"column":37}},"198":{"start":{"line":355,"column":4},"end":{"line":355,"column":37}},"199":{"start":{"line":359,"column":4},"end":{"line":359,"column":33}},"200":{"start":{"line":363,"column":4},"end":{"line":363,"column":40}},"201":{"start":{"line":367,"column":4},"end":{"line":367,"column":41}},"202":{"start":{"line":371,"column":4},"end":{"line":371,"column":41}},"203":{"start":{"line":375,"column":4},"end":{"line":375,"column":44}},"204":{"start":{"line":379,"column":4},"end":{"line":379,"column":44}},"205":{"start":{"line":383,"column":4},"end":{"line":383,"column":44}},"206":{"start":{"line":387,"column":4},"end":{"line":387,"column":44}},"207":{"start":{"line":391,"column":4},"end":{"line":391,"column":44}},"208":{"start":{"line":395,"column":4},"end":{"line":395,"column":41}},"209":{"start":{"line":399,"column":4},"end":{"line":399,"column":48}},"210":{"start":{"line":403,"column":4},"end":{"line":403,"column":44}},"211":{"start":{"line":407,"column":4},"end":{"line":407,"column":40}},"212":{"start":{"line":411,"column":4},"end":{"line":411,"column":38}},"213":{"start":{"line":415,"column":4},"end":{"line":415,"column":36}},"214":{"start":{"line":419,"column":4},"end":{"line":419,"column":37}},"215":{"start":{"line":423,"column":4},"end":{"line":423,"column":38}},"216":{"start":{"line":427,"column":4},"end":{"line":427,"column":37}},"217":{"start":{"line":431,"column":4},"end":{"line":431,"column":38}},"218":{"start":{"line":437,"column":4},"end":{"line":437,"column":70}},"219":{"start":{"line":438,"column":4},"end":{"line":438,"column":68}},"220":{"start":{"line":439,"column":4},"end":{"line":439,"column":66}},"221":{"start":{"line":441,"column":4},"end":{"line":441,"column":51}},"222":{"start":{"line":446,"column":1},"end":{"line":446,"column":19}}},"branchMap":{"1":{"line":308,"type":"if","locations":[{"start":{"line":308,"column":4},"end":{"line":308,"column":4}},{"start":{"line":308,"column":4},"end":{"line":308,"column":4}}]},"2":{"line":308,"type":"binary-expr","locations":[{"start":{"line":308,"column":7},"end":{"line":308,"column":16}},{"start":{"line":308,"column":20},"end":{"line":308,"column":36}}]}}}}