TN:
SF:/home/gabriel/Área de Trabalho/trabalhoPI_Node/controllers/calculadora.js
FN:1,(anonymous_1)
FN:4,(anonymous_2)
FN:17,(anonymous_3)
FN:26,(anonymous_4)
FN:30,(anonymous_5)
FN:34,(anonymous_6)
FN:38,(anonymous_7)
FN:42,(anonymous_8)
FN:46,(anonymous_9)
FN:50,(anonymous_10)
FN:54,(anonymous_11)
FN:58,(anonymous_12)
FN:62,(anonymous_13)
FN:66,(anonymous_14)
FN:70,(anonymous_15)
FN:74,(anonymous_16)
FN:78,(anonymous_17)
FN:82,(anonymous_18)
FN:86,(anonymous_19)
FN:90,(anonymous_20)
FN:94,(anonymous_21)
FN:98,(anonymous_22)
FN:102,(anonymous_23)
FN:106,(anonymous_24)
FN:110,(anonymous_25)
FN:114,(anonymous_26)
FN:118,(anonymous_27)
FN:122,(anonymous_28)
FN:126,(anonymous_29)
FN:141,(anonymous_30)
FN:156,(anonymous_31)
FN:176,(anonymous_32)
FN:196,(anonymous_33)
FN:221,(anonymous_34)
FN:246,(anonymous_35)
FN:276,(anonymous_36)
FN:307,(anonymous_37)
FN:315,(anonymous_38)
FN:330,(anonymous_39)
FN:334,(anonymous_40)
FN:338,(anonymous_41)
FN:342,(anonymous_42)
FN:346,(anonymous_43)
FN:350,(anonymous_44)
FN:354,(anonymous_45)
FN:358,(anonymous_46)
FN:362,(anonymous_47)
FN:366,(anonymous_48)
FN:370,(anonymous_49)
FN:374,(anonymous_50)
FN:378,(anonymous_51)
FN:382,(anonymous_52)
FN:386,(anonymous_53)
FN:390,(anonymous_54)
FN:394,(anonymous_55)
FN:398,(anonymous_56)
FN:402,(anonymous_57)
FN:406,(anonymous_58)
FN:410,(anonymous_59)
FN:414,(anonymous_60)
FN:418,(anonymous_61)
FN:422,(anonymous_62)
FN:426,(anonymous_63)
FN:430,(anonymous_64)
FN:436,(anonymous_65)
FNF:65
FNH:36
FNDA:1,(anonymous_1)
FNDA:2,(anonymous_2)
FNDA:24,(anonymous_3)
FNDA:5,(anonymous_4)
FNDA:2,(anonymous_5)
FNDA:5,(anonymous_6)
FNDA:5,(anonymous_7)
FNDA:1,(anonymous_8)
FNDA:1,(anonymous_9)
FNDA:1,(anonymous_10)
FNDA:1,(anonymous_11)
FNDA:1,(anonymous_12)
FNDA:1,(anonymous_13)
FNDA:1,(anonymous_14)
FNDA:1,(anonymous_15)
FNDA:1,(anonymous_16)
FNDA:1,(anonymous_17)
FNDA:1,(anonymous_18)
FNDA:1,(anonymous_19)
FNDA:1,(anonymous_20)
FNDA:1,(anonymous_21)
FNDA:1,(anonymous_22)
FNDA:1,(anonymous_23)
FNDA:1,(anonymous_24)
FNDA:1,(anonymous_25)
FNDA:1,(anonymous_26)
FNDA:1,(anonymous_27)
FNDA:1,(anonymous_28)
FNDA:1,(anonymous_29)
FNDA:1,(anonymous_30)
FNDA:1,(anonymous_31)
FNDA:1,(anonymous_32)
FNDA:1,(anonymous_33)
FNDA:1,(anonymous_34)
FNDA:1,(anonymous_35)
FNDA:1,(anonymous_36)
FNDA:0,(anonymous_37)
FNDA:0,(anonymous_38)
FNDA:0,(anonymous_39)
FNDA:0,(anonymous_40)
FNDA:0,(anonymous_41)
FNDA:0,(anonymous_42)
FNDA:0,(anonymous_43)
FNDA:0,(anonymous_44)
FNDA:0,(anonymous_45)
FNDA:0,(anonymous_46)
FNDA:0,(anonymous_47)
FNDA:0,(anonymous_48)
FNDA:0,(anonymous_49)
FNDA:0,(anonymous_50)
FNDA:0,(anonymous_51)
FNDA:0,(anonymous_52)
FNDA:0,(anonymous_53)
FNDA:0,(anonymous_54)
FNDA:0,(anonymous_55)
FNDA:0,(anonymous_56)
FNDA:0,(anonymous_57)
FNDA:0,(anonymous_58)
FNDA:0,(anonymous_59)
FNDA:0,(anonymous_60)
FNDA:0,(anonymous_61)
FNDA:0,(anonymous_62)
FNDA:0,(anonymous_63)
FNDA:0,(anonymous_64)
FNDA:0,(anonymous_65)
DA:1,1
DA:2,1
DA:5,2
DA:6,2
DA:10,2
DA:11,2
DA:13,2
DA:18,24
DA:19,24
DA:21,24
DA:23,24
DA:27,5
DA:31,2
DA:35,5
DA:39,5
DA:43,1
DA:47,1
DA:51,1
DA:55,1
DA:59,1
DA:63,1
DA:67,1
DA:71,1
DA:75,1
DA:79,1
DA:83,1
DA:87,1
DA:91,1
DA:95,1
DA:99,1
DA:103,1
DA:107,1
DA:111,1
DA:115,1
DA:119,1
DA:123,1
DA:127,1
DA:128,1
DA:129,1
DA:130,1
DA:131,1
DA:132,1
DA:133,1
DA:134,1
DA:135,1
DA:136,1
DA:138,1
DA:142,1
DA:143,1
DA:144,1
DA:145,1
DA:146,1
DA:147,1
DA:148,1
DA:149,1
DA:150,1
DA:151,1
DA:153,1
DA:157,1
DA:158,1
DA:159,1
DA:160,1
DA:161,1
DA:162,1
DA:163,1
DA:164,1
DA:165,1
DA:166,1
DA:167,1
DA:168,1
DA:169,1
DA:170,1
DA:171,1
DA:173,1
DA:177,1
DA:178,1
DA:179,1
DA:180,1
DA:181,1
DA:182,1
DA:183,1
DA:184,1
DA:185,1
DA:186,1
DA:187,1
DA:188,1
DA:189,1
DA:190,1
DA:191,1
DA:193,1
DA:197,1
DA:198,1
DA:199,1
DA:200,1
DA:201,1
DA:202,1
DA:203,1
DA:204,1
DA:205,1
DA:206,1
DA:207,1
DA:208,1
DA:209,1
DA:210,1
DA:211,1
DA:212,1
DA:213,1
DA:214,1
DA:215,1
DA:216,1
DA:218,1
DA:222,1
DA:223,1
DA:224,1
DA:225,1
DA:226,1
DA:227,1
DA:228,1
DA:229,1
DA:230,1
DA:231,1
DA:232,1
DA:233,1
DA:234,1
DA:235,1
DA:236,1
DA:237,1
DA:238,1
DA:239,1
DA:240,1
DA:241,1
DA:243,1
DA:247,1
DA:248,1
DA:249,1
DA:250,1
DA:251,1
DA:252,1
DA:253,1
DA:254,1
DA:255,1
DA:256,1
DA:257,1
DA:258,1
DA:259,1
DA:260,1
DA:261,1
DA:262,1
DA:263,1
DA:264,1
DA:265,1
DA:266,1
DA:267,1
DA:268,1
DA:269,1
DA:270,1
DA:271,1
DA:273,1
DA:277,1
DA:278,1
DA:279,1
DA:280,1
DA:281,1
DA:282,1
DA:283,1
DA:284,1
DA:285,1
DA:286,1
DA:287,1
DA:288,1
DA:289,1
DA:290,1
DA:291,1
DA:292,1
DA:293,1
DA:294,1
DA:295,1
DA:296,1
DA:297,1
DA:298,1
DA:299,1
DA:300,1
DA:301,1
DA:303,1
DA:308,0
DA:309,0
DA:312,0
DA:316,0
DA:322,0
DA:323,0
DA:325,0
DA:331,0
DA:335,0
DA:339,0
DA:343,0
DA:347,0
DA:351,0
DA:355,0
DA:359,0
DA:363,0
DA:367,0
DA:371,0
DA:375,0
DA:379,0
DA:383,0
DA:387,0
DA:391,0
DA:395,0
DA:399,0
DA:403,0
DA:407,0
DA:411,0
DA:415,0
DA:419,0
DA:423,0
DA:427,0
DA:431,0
DA:437,0
DA:438,0
DA:439,0
DA:441,0
DA:446,1
LF:222
LH:185
BRDA:308,1,0,0
BRDA:308,1,1,0
BRDA:308,2,0,0
BRDA:308,2,1,0
BRF:4
BRH:0
end_of_record
